 t[usec] T[K]   P[atm]   AR         H          C          H2         C2        
                         CH         CH2        CH3        CH4        C2H       
                         C2H2       C2H3       C2H4       C2H5       C2H6      
                         C3H2       H2CCCH     C3H4       C3H4P      C4H2      
                         HCCHCCH    H2CCCCH    CH2CHCCH   CH2CHCHCH2 CH2CHCHCH 
                         CH2CHCCH2 
     .0  2000.0   .003  9.000E-01  0.000E+00  0.000E+00  7.000E-02  0.000E+00
                        0.000E+00  0.000E+00  0.000E+00  3.000E-02  0.000E+00
                        0.000E+00  0.000E+00  0.000E+00  0.000E+00  0.000E+00
                        0.000E+00  0.000E+00  0.000E+00  0.000E+00  0.000E+00
                        0.000E+00  0.000E+00  0.000E+00  0.000E+00  0.000E+00
                        0.000E+00
 3000.0  2000.0   .003  8.999E-01  1.268E-05  7.122E-15  7.005E-02  4.632E-20
                        7.587E-13  2.267E-08  1.151E-04  2.988E-02  2.375E-15
                        2.168E-09  3.520E-11  1.268E-07  2.134E-11  3.983E-10
                        4.010E-18  1.990E-15  1.878E-16  2.479E-13  8.866E-22
                        2.282E-23  5.946E-22  2.755E-19  7.022E-17  1.587E-20
                        4.273E-19
 6000.0  2000.0   .003  8.999E-01  2.388E-05  1.385E-13  7.010E-02  2.966E-18
                        6.357E-12  9.909E-08  2.310E-04  2.976E-02  7.858E-14
                        3.792E-08  5.465E-10  1.023E-06  8.596E-11  1.666E-09
                        2.353E-15  4.159E-13  2.813E-14  1.697E-11  1.068E-18
                        3.642E-20  1.178E-18  1.590E-16  1.720E-14  1.089E-17
                        2.496E-16
 9000.0  2000.0   .003  8.998E-01  3.516E-05  7.173E-13  7.015E-02  3.510E-17
                        2.123E-11  2.231E-07  3.460E-04  2.964E-02  6.249E-13
                        2.047E-07  2.710E-09  3.424E-06  1.929E-10  3.783E-09
                        1.040E-13  9.635E-12  5.381E-13  1.985E-10  7.867E-17
                        2.861E-18  1.105E-16  7.058E-15  4.228E-13  4.732E-16
                        1.092E-14
12000.0  2000.0   .003  8.998E-01  4.651E-05  2.207E-12  7.021E-02  2.054E-16
                        4.906E-11  3.878E-07  4.600E-04  2.951E-02  2.755E-12
                        6.822E-07  8.389E-09  7.995E-06  3.411E-10  6.722E-09
                        1.533E-12  8.946E-11  4.493E-12  1.119E-09  1.830E-15
                        6.380E-17  2.842E-15  1.074E-13  4.011E-12  6.573E-15
                        1.604E-13
15000.0  2000.0   .003  8.997E-01  5.791E-05  5.146E-12  7.027E-02  8.153E-16
                        9.289E-11  5.872E-07  5.728E-04  2.938E-02  8.757E-12
                        1.743E-06  2.002E-08  1.530E-05  5.289E-10  1.045E-08
                        1.221E-11  4.992E-10  2.380E-11  4.205E-09  2.247E-14
                        7.078E-16  3.540E-14  8.977E-13  2.246E-11  4.881E-14
                        1.279E-12
18000.0  2000.0   .003  8.996E-01  6.937E-05  1.010E-11  7.034E-02  2.520E-15
                        1.552E-10  8.163E-07  6.840E-04  2.924E-02  2.259E-11
                        3.756E-06  4.045E-08  2.581E-05  7.545E-10  1.492E-08
                        6.552E-11  2.008E-09  9.401E-11  1.219E-08  1.819E-13
                        5.012E-15  2.760E-13  5.085E-12  8.976E-11  2.437E-13
                        6.884E-12
21000.0  2000.0   .003  8.996E-01  8.085E-05  1.764E-11  7.042E-02  6.549E-15
                        2.381E-10  1.070E-06  7.935E-04  2.910E-02  5.034E-11
                        7.190E-06  7.277E-08  3.984E-05  1.015E-09  2.008E-08
                        2.663E-10  6.423E-09  3.009E-10  2.943E-08  1.088E-12
                        2.585E-14  1.544E-12  2.185E-11  2.832E-10  9.233E-13
                        2.808E-11
24000.0  2000.0   .003  8.995E-01  9.235E-05  2.832E-11  7.052E-02  1.496E-14
                        3.432E-10  1.346E-06  9.008E-04  2.894E-02  1.007E-10
                        1.260E-05  1.201E-07  5.759E-05  1.309E-09  2.588E-08
                        8.816E-10  1.732E-08  8.204E-10  6.208E-08  5.175E-12
                        1.053E-13  6.738E-12  7.631E-11  7.498E-10  2.855E-12
                        9.321E-11
 
 
 
 
 
 t[usec] T[K]   P[atm]   AR         H          C          H2         C2        
                         CH         CH2        CH3        CH4        C2H       
                         C2H2       C2H3       C2H4       C2H5       C2H6      
                         C3H2       H2CCCH     C3H4       C3H4P      C4H2      
                         HCCHCCH    H2CCCCH    CH2CHCCH   CH2CHCHCH2 CH2CHCHCH 
                         CH2CHCCH2 
27000.0  2000.0   .003  8.994E-01  1.039E-04  4.266E-11  7.063E-02  3.090E-14
                        4.716E-10  1.638E-06  1.006E-03  2.877E-02  1.851E-10
                        2.064E-05  1.854E-07  7.911E-05  1.632E-09  3.225E-08
                        2.490E-09  4.097E-08  1.969E-09  1.180E-07  2.044E-11
                        3.566E-13  2.422E-11  2.265E-10  1.732E-09  7.549E-12
                        2.635E-10
30000.0  2000.0   .003  8.993E-01  1.153E-04  6.112E-11  7.075E-02  5.892E-14
                        6.242E-10  1.944E-06  1.108E-03  2.859E-02  3.181E-10
                        3.200E-05  2.714E-07  1.043E-04  1.980E-09  3.910E-08
                        6.197E-09  8.723E-08  4.258E-09  2.063E-07  6.944E-11
                        1.042E-12  7.454E-11  5.895E-10  3.589E-09  1.762E-11
                        6.551E-10
33000.0  2000.0   .003  8.992E-01  1.268E-04  8.414E-11  7.089E-02  1.052E-13
                        8.017E-10  2.262E-06  1.206E-03  2.840E-02  5.173E-10
                        4.743E-05  3.800E-07  1.330E-04  2.349E-09  4.635E-08
                        1.392E-08  1.705E-07  8.438E-09  3.374E-07  2.079E-10
                        2.694E-12  2.018E-10  1.377E-09  6.798E-09  3.713E-11
                        1.464E-09
36000.0  2000.0   .003  8.991E-01  1.382E-04  1.121E-10  7.105E-02  1.776E-13
                        1.004E-09  2.586E-06  1.301E-03  2.820E-02  8.029E-10
                        6.771E-05  5.128E-07  1.649E-04  2.734E-09  5.391E-08
                        2.869E-08  3.105E-07  1.553E-08  5.217E-07  5.589E-10
                        6.289E-12  4.909E-10  2.936E-09  1.194E-08  7.187E-11
                        2.993E-09
39000.0  2000.0   .003  8.990E-01  1.495E-04  1.454E-10  7.123E-02  2.861E-13
                        1.232E-09  2.916E-06  1.393E-03  2.798E-02  1.198E-09
                        9.361E-05  6.704E-07  1.994E-04  3.132E-09  6.168E-08
                        5.503E-08  5.325E-07  2.685E-08  7.697E-07  1.370E-09
                        1.346E-11  1.090E-09  5.790E-09  1.967E-08  1.294E-10
                        5.670E-09
42000.0  2000.0   .003  8.988E-01  1.607E-04  1.842E-10  7.143E-02  4.422E-13
                        1.485E-09  3.248E-06  1.480E-03  2.775E-02  1.726E-09
                        1.259E-04  8.526E-07  2.362E-04  3.535E-09  6.956E-08
                        9.926E-08  8.678E-07  4.394E-08  1.091E-06  3.098E-09
                        2.671E-11  2.237E-09  1.068E-08  3.066E-08  2.189E-10
                        1.005E-08
45000.0  2000.0   .003  8.987E-01  1.719E-04  2.290E-10  7.166E-02  6.593E-13
                        1.764E-09  3.580E-06  1.562E-03  2.750E-02  2.413E-09
                        1.652E-04  1.058E-06  2.746E-04  3.940E-09  7.745E-08
                        1.697E-07  1.353E-06  6.858E-08  1.495E-06  6.529E-09
                        4.967E-11  4.290E-09  1.856E-08  4.553E-08  3.506E-10
                        1.682E-08
48000.0  2000.0   .003  8.985E-01  1.829E-04  2.800E-10  7.190E-02  9.520E-13
                        2.067E-09  3.910E-06  1.639E-03  2.724E-02  3.285E-09
                        2.121E-04  1.286E-06  3.140E-04  4.341E-09  8.524E-08
                        2.771E-07  2.030E-06  1.027E-07  1.989E-06  1.293E-08
                        8.720E-11  7.750E-09  3.066E-08  6.476E-08  5.353E-10
                        2.673E-08
51000.0  2000.0   .003  8.983E-01  1.937E-04  3.375E-10  7.217E-02  1.336E-12
                        2.397E-09  4.234E-06  1.711E-03  2.696E-02  4.366E-09
                        2.672E-04  1.533E-06  3.537E-04  4.733E-09  9.283E-08
                        4.342E-07  2.945E-06  1.484E-07  2.578E-06  2.422E-08
                        1.455E-10  1.328E-08  4.838E-08  8.867E-08  7.833E-10
                        4.059E-08
 
 
 
 
 
 t[usec] T[K]   P[atm]   AR         H          C          H2         C2        
                         CH         CH2        CH3        CH4        C2H       
                         C2H2       C2H3       C2H4       C2H5       C2H6      
                         C3H2       H2CCCH     C3H4       C3H4P      C4H2      
                         HCCHCCH    H2CCCCH    CH2CHCCH   CH2CHCHCH2 CH2CHCHCH 
                         CH2CHCCH2 
54000.0  2000.0   .003  8.981E-01  2.044E-04  4.019E-10  7.247E-02  1.826E-12
                        2.752E-09  4.552E-06  1.778E-03  2.668E-02  5.678E-09
                        3.308E-04  1.795E-06  3.932E-04  5.110E-09  1.001E-07
                        6.561E-07  4.146E-06  2.075E-07  3.264E-06  4.318E-08
                        2.320E-10  2.172E-08  7.329E-08  1.173E-07  1.103E-09
                        5.916E-08
57000.0  2000.0   .003  8.979E-01  2.149E-04  4.735E-10  7.278E-02  2.438E-12
                        3.134E-09  4.860E-06  1.840E-03  2.638E-02  7.241E-09
                        4.032E-04  2.069E-06  4.318E-04  5.469E-09  1.071E-07
                        9.596E-07  5.682E-06  2.822E-07  4.050E-06  7.363E-08
                        3.554E-10  3.408E-08  1.071E-07  1.506E-07  1.501E-09
                        8.306E-08
60000.0  2000.0   .003  8.977E-01  2.252E-04  5.528E-10  7.313E-02  3.186E-12
                        3.543E-09  5.158E-06  1.895E-03  2.607E-02  9.070E-09
                        4.844E-04  2.350E-06  4.689E-04  5.804E-09  1.135E-07
                        1.363E-06  7.602E-06  3.741E-07  4.934E-06  1.206E-07
                        5.248E-10  5.150E-08  1.513E-07  1.880E-07  1.980E-09
                        1.127E-07
63000.0  2000.0   .003  8.975E-01  2.353E-04  6.401E-10  7.349E-02  4.082E-12
                        3.982E-09  5.443E-06  1.945E-03  2.575E-02  1.118E-08
                        5.745E-04  2.635E-06  5.040E-04  6.113E-09  1.195E-07
                        1.886E-06  9.953E-06  4.850E-07  5.913E-06  1.905E-07
                        7.499E-10  7.525E-08  2.077E-07  2.287E-07  2.538E-09
                        1.484E-07
66000.0  2000.0   .003  8.972E-01  2.451E-04  7.361E-10  7.387E-02  5.136E-12
                        4.450E-09  5.714E-06  1.989E-03  2.541E-02  1.357E-08
                        6.733E-04  2.918E-06  5.366E-04  6.393E-09  1.248E-07
                        2.547E-06  1.278E-05  6.161E-07  6.981E-06  2.911E-07
                        1.040E-09  1.067E-07  2.776E-07  2.720E-07  3.169E-09
                        1.898E-07
69000.0  2000.0   .003  8.970E-01  2.546E-04  8.413E-10  7.427E-02  6.354E-12
                        4.950E-09  5.969E-06  2.027E-03  2.507E-02  1.625E-08
                        7.803E-04  3.194E-06  5.665E-04  6.640E-09  1.295E-07
                        3.365E-06  1.611E-05  7.686E-07  8.132E-06  4.316E-07
                        1.404E-09  1.471E-07  3.619E-07  3.166E-07  3.863E-09
                        2.366E-07
72000.0  2000.0   .003  8.967E-01  2.638E-04  9.562E-10  7.469E-02  7.741E-12
                        5.483E-09  6.208E-06  2.059E-03  2.473E-02  1.921E-08
                        8.953E-04  3.460E-06  5.933E-04  6.854E-09  1.336E-07
                        4.357E-06  1.998E-05  9.433E-07  9.357E-06  6.224E-07
                        1.849E-09  1.979E-07  4.616E-07  3.615E-07  4.607E-09
                        2.879E-07
75000.0  2000.0   .003  8.964E-01  2.727E-04  1.081E-09  7.513E-02  9.295E-12
                        6.051E-09  6.430E-06  2.086E-03  2.438E-02  2.244E-08
                        1.018E-03  3.711E-06  6.167E-04  7.034E-09  1.370E-07
                        5.538E-06  2.441E-05  1.141E-06  1.065E-05  8.750E-07
                        2.380E-09  2.602E-07  5.770E-07  4.055E-07  5.382E-09
                        3.427E-07
78000.0  2000.0   .003  8.962E-01  2.812E-04  1.217E-09  7.558E-02  1.101E-11
                        6.655E-09  6.633E-06  2.108E-03  2.402E-02  2.593E-08
                        1.147E-03  3.945E-06  6.368E-04  7.179E-09  1.398E-07
                        6.920E-06  2.941E-05  1.361E-06  1.199E-05  1.202E-06
                        3.002E-09  3.351E-07  7.079E-07  4.474E-07  6.170E-09
                        3.996E-07
 
 
 
 
 
 t[usec] T[K]   P[atm]   AR         H          C          H2         C2        
                         CH         CH2        CH3        CH4        C2H       
                         C2H2       C2H3       C2H4       C2H5       C2H6      
                         C3H2       H2CCCH     C3H4       C3H4P      C4H2      
                         HCCHCCH    H2CCCCH    CH2CHCCH   CH2CHCHCH2 CH2CHCHCH 
                         CH2CHCCH2 
81000.0  2000.0   .003  8.959E-01  2.894E-04  1.365E-09  7.605E-02  1.289E-11
                        7.295E-09  6.818E-06  2.124E-03  2.366E-02  2.966E-08
                        1.282E-03  4.158E-06  6.533E-04  7.290E-09  1.419E-07
                        8.510E-06  3.498E-05  1.604E-06  1.338E-05  1.616E-06
                        3.715E-09  4.235E-07  8.539E-07  4.862E-07  6.951E-09
                        4.571E-07
84000.0  2000.0   .003  8.956E-01  2.973E-04  1.523E-09  7.652E-02  1.491E-11
                        7.973E-09  6.984E-06  2.136E-03  2.330E-02  3.360E-08
                        1.422E-03  4.349E-06  6.664E-04  7.367E-09  1.433E-07
                        1.031E-05  4.113E-05  1.869E-06  1.480E-05  2.129E-06
                        4.519E-09  5.260E-07  1.014E-06  5.211E-07  7.704E-09
                        5.138E-07
87000.0  2000.0   .003  8.953E-01  3.047E-04  1.694E-09  7.701E-02  1.706E-11
                        8.687E-09  7.131E-06  2.143E-03  2.294E-02  3.775E-08
                        1.567E-03  4.515E-06  6.761E-04  7.413E-09  1.441E-07
                        1.233E-05  4.782E-05  2.156E-06  1.625E-05  2.756E-06
                        5.410E-09  6.431E-07  1.187E-06  5.514E-07  8.411E-09
                        5.681E-07
90000.0  2000.0   .003  8.950E-01  3.119E-04  1.876E-09  7.750E-02  1.933E-11
                        9.438E-09  7.260E-06  2.145E-03  2.258E-02  4.206E-08
                        1.715E-03  4.656E-06  6.826E-04  7.430E-09  1.444E-07
                        1.456E-05  5.505E-05  2.464E-06  1.771E-05  3.506E-06
                        6.383E-09  7.749E-07  1.372E-06  5.766E-07  9.055E-09
                        6.187E-07
93000.0  2000.0   .003  8.947E-01  3.186E-04  2.070E-09  7.799E-02  2.170E-11
                        1.022E-08  7.371E-06  2.144E-03  2.222E-02  4.651E-08
                        1.866E-03  4.773E-06  6.860E-04  7.419E-09  1.441E-07
                        1.699E-05  6.278E-05  2.791E-06  1.917E-05  4.391E-06
                        7.431E-09  9.215E-07  1.567E-06  5.965E-07  9.624E-09
                        6.645E-07
96000.0  2000.0   .003  8.943E-01  3.249E-04  2.276E-09  7.849E-02  2.416E-11
                        1.104E-08  7.464E-06  2.139E-03  2.186E-02  5.108E-08
                        2.019E-03  4.864E-06  6.867E-04  7.383E-09  1.434E-07
                        1.961E-05  7.096E-05  3.136E-06  2.063E-05  5.421E-06
                        8.546E-09  1.083E-06  1.770E-06  6.110E-07  1.011E-08
                        7.045E-07
99000.0  2000.0   .003  8.940E-01  3.309E-04  2.492E-09  7.899E-02  2.668E-11
                        1.189E-08  7.541E-06  2.131E-03  2.151E-02  5.574E-08
                        2.173E-03  4.932E-06  6.848E-04  7.324E-09  1.422E-07
                        2.241E-05  7.957E-05  3.499E-06  2.208E-05  6.602E-06
                        9.718E-09  1.258E-06  1.978E-06  6.201E-07  1.050E-08
                        7.380E-07
*******  2000.0   .003  8.937E-01  3.366E-04  2.719E-09  7.949E-02  2.925E-11
                        1.276E-08  7.603E-06  2.119E-03  2.116E-02  6.047E-08
                        2.328E-03  4.977E-06  6.805E-04  7.246E-09  1.407E-07
                        2.538E-05  8.855E-05  3.876E-06  2.351E-05  7.941E-06
                        1.094E-08  1.446E-06  2.192E-06  6.242E-07  1.079E-08
                        7.646E-07
*******  2000.0   .003  8.934E-01  3.419E-04  2.956E-09  7.999E-02  3.186E-11
                        1.366E-08  7.650E-06  2.106E-03  2.082E-02  6.524E-08
                        2.483E-03  5.000E-06  6.742E-04  7.152E-09  1.388E-07
                        2.848E-05  9.786E-05  4.268E-06  2.491E-05  9.441E-06
                        1.219E-08  1.647E-06  2.407E-06  6.235E-07  1.099E-08
                        7.841E-07
 
 
 
 
 
 t[usec] T[K]   P[atm]   AR         H          C          H2         C2        
                         CH         CH2        CH3        CH4        C2H       
                         C2H2       C2H3       C2H4       C2H5       C2H6      
                         C3H2       H2CCCH     C3H4       C3H4P      C4H2      
                         HCCHCCH    H2CCCCH    CH2CHCCH   CH2CHCHCH2 CH2CHCHCH 
                         CH2CHCCH2 
*******  2000.0   .003  8.931E-01  3.469E-04  3.201E-09  8.048E-02  3.449E-11
                        1.458E-08  7.683E-06  2.090E-03  2.048E-02  7.003E-08
                        2.638E-03  5.004E-06  6.662E-04  7.042E-09  1.367E-07
                        3.171E-05  1.074E-04  4.671E-06  2.629E-05  1.110E-05
                        1.348E-08  1.861E-06  2.623E-06  6.185E-07  1.110E-08
                        7.967E-07
*******  2000.0   .003  8.928E-01  3.515E-04  3.455E-09  8.097E-02  3.712E-11
                        1.552E-08  7.704E-06  2.072E-03  2.014E-02  7.482E-08
                        2.791E-03  4.991E-06  6.566E-04  6.921E-09  1.343E-07
                        3.505E-05  1.173E-04  5.084E-06  2.763E-05  1.293E-05
                        1.478E-08  2.085E-06  2.838E-06  6.097E-07  1.113E-08
                        8.026E-07
*******  2000.0   .003  8.925E-01  3.559E-04  3.716E-09  8.145E-02  3.974E-11
                        1.647E-08  7.715E-06  2.053E-03  1.981E-02  7.960E-08
                        2.943E-03  4.962E-06  6.457E-04  6.791E-09  1.318E-07
                        3.846E-05  1.272E-04  5.505E-06  2.894E-05  1.492E-05
                        1.609E-08  2.319E-06  3.051E-06  5.976E-07  1.107E-08
                        8.024E-07
*******  2000.0   .003  8.922E-01  3.600E-04  3.983E-09  8.193E-02  4.235E-11
                        1.742E-08  7.715E-06  2.032E-03  1.949E-02  8.435E-08
                        3.093E-03  4.919E-06  6.338E-04  6.652E-09  1.291E-07
                        4.195E-05  1.374E-04  5.932E-06  3.021E-05  1.707E-05
                        1.740E-08  2.563E-06  3.260E-06  5.828E-07  1.095E-08
                        7.964E-07
*******  2000.0   .003  8.919E-01  3.639E-04  4.255E-09  8.240E-02  4.494E-11
                        1.839E-08  7.706E-06  2.010E-03  1.918E-02  8.906E-08
                        3.240E-03  4.864E-06  6.210E-04  6.509E-09  1.263E-07
                        4.547E-05  1.475E-04  6.364E-06  3.143E-05  1.936E-05
                        1.871E-08  2.814E-06  3.464E-06  5.657E-07  1.076E-08
                        7.855E-07
*******  2000.0   .003  8.916E-01  3.675E-04  4.531E-09  8.287E-02  4.749E-11
                        1.935E-08  7.690E-06  1.988E-03  1.887E-02  9.372E-08
                        3.385E-03  4.800E-06  6.076E-04  6.361E-09  1.235E-07
                        4.902E-05  1.578E-04  6.799E-06  3.262E-05  2.181E-05
                        1.999E-08  3.073E-06  3.662E-06  5.469E-07  1.052E-08
                        7.703E-07
*******  2000.0   .003  8.913E-01  3.709E-04  4.811E-09  8.332E-02  5.001E-11
                        2.032E-08  7.668E-06  1.965E-03  1.857E-02  9.832E-08
                        3.528E-03  4.728E-06  5.937E-04  6.211E-09  1.206E-07
                        5.258E-05  1.680E-04  7.235E-06  3.376E-05  2.440E-05
                        2.126E-08  3.338E-06  3.853E-06  5.268E-07  1.024E-08
                        7.515E-07
*******  2000.0   .003  8.911E-01  3.741E-04  5.094E-09  8.377E-02  5.250E-11
                        2.128E-08  7.639E-06  1.941E-03  1.827E-02  1.029E-07
                        3.668E-03  4.648E-06  5.795E-04  6.060E-09  1.177E-07
                        5.614E-05  1.781E-04  7.670E-06  3.485E-05  2.711E-05
                        2.251E-08  3.609E-06  4.038E-06  5.057E-07  9.923E-09
                        7.297E-07
*******  2000.0   .003  8.908E-01  3.771E-04  5.378E-09  8.421E-02  5.495E-11
                        2.224E-08  7.606E-06  1.917E-03  1.799E-02  1.073E-07
                        3.805E-03  4.563E-06  5.651E-04  5.910E-09  1.147E-07
                        5.967E-05  1.882E-04  8.102E-06  3.590E-05  2.995E-05
                        2.373E-08  3.884E-06  4.214E-06  4.841E-07  9.581E-09
                        7.056E-07
 
 
 
 
 
 t[usec] T[K]   P[atm]   AR         H          C          H2         C2        
                         CH         CH2        CH3        CH4        C2H       
                         C2H2       C2H3       C2H4       C2H5       C2H6      
                         C3H2       H2CCCH     C3H4       C3H4P      C4H2      
                         HCCHCCH    H2CCCCH    CH2CHCCH   CH2CHCHCH2 CH2CHCHCH 
                         CH2CHCCH2 
*******  2000.0   .003  8.905E-01  3.800E-04  5.664E-09  8.464E-02  5.735E-11
                        2.319E-08  7.569E-06  1.893E-03  1.771E-02  1.118E-07
                        3.939E-03  4.475E-06  5.506E-04  5.760E-09  1.119E-07
                        6.317E-05  1.982E-04  8.531E-06  3.691E-05  3.290E-05
                        2.491E-08  4.162E-06  4.383E-06  4.623E-07  9.220E-09
                        6.798E-07
*******  2000.0   .003  8.903E-01  3.827E-04  5.951E-09  8.506E-02  5.971E-11
                        2.413E-08  7.529E-06  1.869E-03  1.743E-02  1.161E-07
                        4.070E-03  4.384E-06  5.362E-04  5.612E-09  1.090E-07
                        6.663E-05  2.080E-04  8.955E-06  3.787E-05  3.596E-05
                        2.606E-08  4.444E-06  4.543E-06  4.405E-07  8.848E-09
                        6.528E-07
*******  2000.0   .003  8.900E-01  3.854E-04  6.239E-09  8.547E-02  6.203E-11
                        2.506E-08  7.486E-06  1.844E-03  1.716E-02  1.204E-07
                        4.198E-03  4.291E-06  5.219E-04  5.466E-09  1.062E-07
                        7.003E-05  2.176E-04  9.373E-06  3.878E-05  3.911E-05
                        2.717E-08  4.728E-06  4.694E-06  4.190E-07  8.470E-09
                        6.251E-07
*******  2000.0   .003  8.898E-01  3.879E-04  6.526E-09  8.587E-02  6.431E-11
                        2.598E-08  7.442E-06  1.821E-03  1.690E-02  1.246E-07
                        4.322E-03  4.198E-06  5.078E-04  5.324E-09  1.034E-07
                        7.337E-05  2.270E-04  9.783E-06  3.965E-05  4.234E-05
                        2.825E-08  5.013E-06  4.837E-06  3.979E-07  8.091E-09
                        5.971E-07
*******  2000.0   .003  8.895E-01  3.903E-04  6.813E-09  8.627E-02  6.656E-11
                        2.689E-08  7.396E-06  1.797E-03  1.664E-02  1.287E-07
                        4.444E-03  4.104E-06  4.939E-04  5.184E-09  1.007E-07
                        7.665E-05  2.363E-04  1.018E-05  4.048E-05  4.565E-05
                        2.928E-08  5.299E-06  4.972E-06  3.774E-07  7.715E-09
                        5.692E-07
*******  2000.0   .003  8.893E-01  3.927E-04  7.100E-09  8.665E-02  6.877E-11
                        2.778E-08  7.350E-06  1.773E-03  1.639E-02  1.328E-07
                        4.564E-03  4.011E-06  4.803E-04  5.049E-09  9.810E-08
                        7.985E-05  2.453E-04  1.057E-05  4.126E-05  4.902E-05
                        3.028E-08  5.586E-06  5.098E-06  3.575E-07  7.345E-09
                        5.416E-07
